<?xml version="1.0" encoding="UTF-8"?>
<robot generator="Robot 5.0.1 (Python 3.10.5 on win32)" generated="20220627 07:58:53.489" rpa="false" schemaversion="3">
<suite id="s1" name="My Account" source="D:\belajar\dojobox\WebAutomationTesting\suites\my_account.robot">
<test id="s1-t1" name="User Should Be Able To See login" line="7">
<kw name="Open Browser Chrome" library="my_account" type="SETUP">
<kw name="Open Browser" library="SeleniumLibrary">
<arg>browser=chrome</arg>
<arg>url=${homepage_url}</arg>
<doc>Opens a new browser instance to the optional ``url``.</doc>
<msg timestamp="20220627 07:58:53.977" level="INFO">Opening browser 'chrome' to base url 'http://automationpractice.com/'.</msg>
<status status="PASS" starttime="20220627 07:58:53.976" endtime="20220627 07:59:13.797"/>
</kw>
<kw name="Maximize Browser Window" library="SeleniumLibrary">
<doc>Maximizes current browser window.</doc>
<status status="PASS" starttime="20220627 07:59:13.797" endtime="20220627 07:59:14.018"/>
</kw>
<status status="PASS" starttime="20220627 07:58:53.966" endtime="20220627 07:59:14.018"/>
</kw>
<kw name="user has successfully logged in" library="my_account">
<kw name="Click Element" library="SeleniumLibrary">
<arg>${sign_in_button}</arg>
<doc>Click the element identified by ``locator``.</doc>
<msg timestamp="20220627 07:59:14.027" level="INFO">Clicking element '//a[@class="login"]'.</msg>
<status status="PASS" starttime="20220627 07:59:14.026" endtime="20220627 07:59:18.379"/>
</kw>
<kw name="Input Text" library="SeleniumLibrary">
<arg>${email_field}</arg>
<arg>${email}</arg>
<doc>Types the given ``text`` into the text field identified by ``locator``.</doc>
<msg timestamp="20220627 07:59:18.380" level="INFO">Typing text 'acicah@gmail.com' into text field '//input[@id="email"]'.</msg>
<status status="PASS" starttime="20220627 07:59:18.379" endtime="20220627 07:59:18.661"/>
</kw>
<kw name="Input Text" library="SeleniumLibrary">
<arg>${password_field}</arg>
<arg>${password}</arg>
<doc>Types the given ``text`` into the text field identified by ``locator``.</doc>
<msg timestamp="20220627 07:59:18.663" level="INFO">Typing text '123456' into text field '//input[@id="passwd"]'.</msg>
<status status="PASS" starttime="20220627 07:59:18.661" endtime="20220627 07:59:18.972"/>
</kw>
<kw name="Click Element" library="SeleniumLibrary">
<arg>${login_button}</arg>
<doc>Click the element identified by ``locator``.</doc>
<msg timestamp="20220627 07:59:18.973" level="INFO">Clicking element '//button[@id="SubmitLogin"]'.</msg>
<status status="PASS" starttime="20220627 07:59:18.972" endtime="20220627 07:59:22.015"/>
</kw>
<status status="PASS" starttime="20220627 07:59:14.019" endtime="20220627 07:59:22.015"/>
</kw>
<kw name="user able to click My Address button" library="my_account">
<kw name="Click Element" library="SeleniumLibrary">
<arg>${myaddress}</arg>
<doc>Click the element identified by ``locator``.</doc>
<msg timestamp="20220627 07:59:22.026" level="INFO">Clicking element '//*[@title="Addresses"]'.</msg>
<status status="PASS" starttime="20220627 07:59:22.025" endtime="20220627 07:59:23.614"/>
</kw>
<status status="PASS" starttime="20220627 07:59:22.015" endtime="20220627 07:59:23.614"/>
</kw>
<kw name="user able to click Add a new address" library="my_account">
<kw name="Click Element" library="SeleniumLibrary">
<arg>${addadrress}</arg>
<doc>Click the element identified by ``locator``.</doc>
<msg timestamp="20220627 07:59:23.622" level="INFO">Clicking element '//*[@title="Add an address"]'.</msg>
<status status="PASS" starttime="20220627 07:59:23.614" endtime="20220627 07:59:25.965"/>
</kw>
<status status="PASS" starttime="20220627 07:59:23.614" endtime="20220627 07:59:25.966"/>
</kw>
<kw name="user able to input address line 1 field" library="my_account">
<kw name="Input Text" library="SeleniumLibrary">
<arg>${address_1_field}</arg>
<arg>${address_1}</arg>
<doc>Types the given ``text`` into the text field identified by ``locator``.</doc>
<msg timestamp="20220627 07:59:25.967" level="INFO">Typing text 'Jalan kemana mana' into text field '//*[@id="address1"]'.</msg>
<status status="PASS" starttime="20220627 07:59:25.967" endtime="20220627 07:59:26.208"/>
</kw>
<status status="PASS" starttime="20220627 07:59:25.967" endtime="20220627 07:59:26.208"/>
</kw>
<kw name="user able to input address line 2 field" library="my_account">
<kw name="Input Text" library="SeleniumLibrary">
<arg>${address_2_field}</arg>
<arg>${address_2}</arg>
<doc>Types the given ``text`` into the text field identified by ``locator``.</doc>
<msg timestamp="20220627 07:59:26.208" level="INFO">Typing text 'RT 000 RW 000' into text field '//*[@id="address2"]'.</msg>
<status status="PASS" starttime="20220627 07:59:26.208" endtime="20220627 07:59:26.435"/>
</kw>
<status status="PASS" starttime="20220627 07:59:26.208" endtime="20220627 07:59:26.436"/>
</kw>
<kw name="user able to input City field" library="my_account">
<kw name="Input Text" library="SeleniumLibrary">
<arg>${city_field}</arg>
<arg>${city}</arg>
<doc>Types the given ``text`` into the text field identified by ``locator``.</doc>
<msg timestamp="20220627 07:59:26.436" level="INFO">Typing text 'Jakarta Utara' into text field '//*[@id="city"]'.</msg>
<status status="PASS" starttime="20220627 07:59:26.436" endtime="20220627 07:59:26.676"/>
</kw>
<status status="PASS" starttime="20220627 07:59:26.436" endtime="20220627 07:59:26.678"/>
</kw>
<kw name="user able to input state field" library="my_account">
<kw name="Click Element" library="SeleniumLibrary">
<arg>${state_field}</arg>
<doc>Click the element identified by ``locator``.</doc>
<msg timestamp="20220627 07:59:26.686" level="INFO">Clicking element '//*[@value="4"]'.</msg>
<status status="PASS" starttime="20220627 07:59:26.685" endtime="20220627 07:59:26.782"/>
</kw>
<status status="PASS" starttime="20220627 07:59:26.685" endtime="20220627 07:59:26.782"/>
</kw>
<kw name="user able to input postal code field" library="my_account">
<kw name="Input Text" library="SeleniumLibrary">
<arg>${postalcode_field}</arg>
<arg>${postal_code}</arg>
<doc>Types the given ``text`` into the text field identified by ``locator``.</doc>
<msg timestamp="20220627 07:59:26.782" level="INFO">Typing text '11111' into text field '//*[@id="postcode"]'.</msg>
<status status="PASS" starttime="20220627 07:59:26.782" endtime="20220627 07:59:27.003"/>
</kw>
<status status="PASS" starttime="20220627 07:59:26.782" endtime="20220627 07:59:27.003"/>
</kw>
<kw name="user able to input homephone field" library="my_account">
<kw name="Input Text" library="SeleniumLibrary">
<arg>${homephone_field}</arg>
<arg>${homephone}</arg>
<doc>Types the given ``text`` into the text field identified by ``locator``.</doc>
<msg timestamp="20220627 07:59:27.003" level="INFO">Typing text '021345678' into text field '//*[@id="phone"]'.</msg>
<status status="PASS" starttime="20220627 07:59:27.003" endtime="20220627 07:59:27.226"/>
</kw>
<status status="PASS" starttime="20220627 07:59:27.003" endtime="20220627 07:59:27.226"/>
</kw>
<kw name="user able to input mobilephone field" library="my_account">
<kw name="Input Text" library="SeleniumLibrary">
<arg>${mobilephone_field}</arg>
<arg>${mobilephone}</arg>
<doc>Types the given ``text`` into the text field identified by ``locator``.</doc>
<msg timestamp="20220627 07:59:27.229" level="INFO">Typing text '089898989898' into text field '//*[@name="phone_mobile"]'.</msg>
<status status="PASS" starttime="20220627 07:59:27.228" endtime="20220627 07:59:27.492"/>
</kw>
<status status="PASS" starttime="20220627 07:59:27.226" endtime="20220627 07:59:27.492"/>
</kw>
<kw name="user able to input additional information field" library="my_account">
<kw name="Input Text" library="SeleniumLibrary">
<arg>${information_field}</arg>
<arg>${information}</arg>
<doc>Types the given ``text`` into the text field identified by ``locator``.</doc>
<msg timestamp="20220627 07:59:27.496" level="INFO">Typing text 'Data baru nih di rumah baru' into text field '//*[@data-validate="isMessage"]'.</msg>
<status status="PASS" starttime="20220627 07:59:27.494" endtime="20220627 07:59:27.747"/>
</kw>
<status status="PASS" starttime="20220627 07:59:27.493" endtime="20220627 07:59:27.748"/>
</kw>
<kw name="user able to input input address title field" library="my_account">
<kw name="Clear Element Text" library="SeleniumLibrary">
<arg>${addresstitle_field}</arg>
<doc>Clears the value of the text-input-element identified by ``locator``.</doc>
<status status="PASS" starttime="20220627 07:59:27.749" endtime="20220627 07:59:27.900"/>
</kw>
<kw name="Input Text" library="SeleniumLibrary">
<arg>${addresstitle_field}</arg>
<arg>${addresstitle}</arg>
<doc>Types the given ``text`` into the text field identified by ``locator``.</doc>
<msg timestamp="20220627 07:59:27.900" level="INFO">Typing text 'New Penthouse' into text field '//*[@id="alias"]'.</msg>
<status status="PASS" starttime="20220627 07:59:27.900" endtime="20220627 07:59:28.073"/>
</kw>
<kw name="Sleep" library="BuiltIn">
<arg>3s</arg>
<doc>Pauses the test executed for the given time.</doc>
<msg timestamp="20220627 07:59:31.081" level="INFO">Slept 3 seconds</msg>
<status status="PASS" starttime="20220627 07:59:28.073" endtime="20220627 07:59:31.081"/>
</kw>
<status status="PASS" starttime="20220627 07:59:27.749" endtime="20220627 07:59:31.081"/>
</kw>
<kw name="user able to click save button" library="my_account">
<kw name="Click Element" library="SeleniumLibrary">
<arg>${save}</arg>
<doc>Click the element identified by ``locator``.</doc>
<msg timestamp="20220627 07:59:31.097" level="INFO">Clicking element '//*[@id="submitAddress"]'.</msg>
<status status="PASS" starttime="20220627 07:59:31.097" endtime="20220627 07:59:33.827"/>
</kw>
<status status="PASS" starttime="20220627 07:59:31.096" endtime="20220627 07:59:33.827"/>
</kw>
<kw name="Close Browser" library="SeleniumLibrary" type="TEARDOWN">
<doc>Closes the current browser.</doc>
<status status="PASS" starttime="20220627 07:59:33.827" endtime="20220627 07:59:38.029"/>
</kw>
<doc>Test to verify that user should be able to added new address</doc>
<status status="PASS" starttime="20220627 07:58:53.964" endtime="20220627 07:59:38.030"/>
</test>
<doc>my account test cases</doc>
<status status="PASS" starttime="20220627 07:58:53.492" endtime="20220627 07:59:38.032"/>
</suite>
<statistics>
<total>
<stat pass="1" fail="0" skip="0">All Tests</stat>
</total>
<tag>
</tag>
<suite>
<stat pass="1" fail="0" skip="0" id="s1" name="My Account">My Account</stat>
</suite>
</statistics>
<errors>
</errors>
</robot>
